#
# A fatal error has been detected by the Java Runtime Environment:
#
#  EXCEPTION_ACCESS_VIOLATION (0xc0000005) at pc=0x0000000073dd9d95, pid=11684, tid=0x0000000000001e94
#
# JRE version: Java(TM) SE Runtime Environment (8.0_231-b11) (build 1.8.0_231-b11)
# Java VM: Java HotSpot(TM) 64-Bit Server VM (25.231-b11 mixed mode windows-amd64 compressed oops)
# Problematic frame:
# V  [jvm.dll+0x39d95]
#
# Failed to write core dump. Minidumps are not enabled by default on client versions of Windows
#
# If you would like to submit a bug report, please visit:
#   http://bugreport.java.com/bugreport/crash.jsp
#

---------------  T H R E A D  ---------------

Current thread is native thread

siginfo: ExceptionCode=0xc0000005, reading address 0x0000000000000140

Registers:
RAX=0x0000000000000000, RBX=0x000000e30135d290, RCX=0x0000000000000034, RDX=0x000002de3a7a2560
RSP=0x000000e30135d230, RBP=0x0000000000000182, RSI=0x000000e30135d328, RDI=0x000002de3a7a2560
R8 =0x0000000000000004, R9 =0x0000000000000000, R10=0x000002de3a7a2560, R11=0x000000e37ca0a148
R12=0x00000000743c4990, R13=0x000002de37f42000, R14=0x000002de3a7a2560, R15=0x000002de3a7a2560
RIP=0x0000000073dd9d95, EFLAGS=0x0000000000010246

Top of Stack: (sp=0x000000e30135d230)
0x000000e30135d230:   00000007c0005450 0000000000000005
0x000000e30135d240:   000000073355d230 0000000000000000
0x000000e30135d250:   000002de37f42000 000000007401a416
0x000000e30135d260:   000000e30135d328 000002de37e924b8
0x000000e30135d270:   000000e30135d328 000002de37f42000
0x000000e30135d280:   0000000000000458 0000000000000046
0x000000e30135d290:   000002de3a7a2560 0000000000000000
0x000000e30135d2a0:   000002de3619ecd0 0000000073fb5f42
0x000000e30135d2b0:   000002de3a7a2560 000000e30135d3b0
0x000000e30135d2c0:   000002de37f42000 00000000ffffffff
0x000000e30135d2d0:   000000e30135d410 000002de04aa23b8
0x000000e30135d2e0:   0000000000000002 000002de11199e20
0x000000e30135d2f0:   000002de3a7a2560 000002de37f42000
0x000000e30135d300:   000002de11356e20 000000000000006b
0x000000e30135d310:   0000000000000000 000002de00000000
0x000000e30135d320:   0000000100000001 000002de3a7a2560 

Instructions: (pc=0x0000000073dd9d95)
0x0000000073dd9d75:   41 08 00 00 00 00 48 85 d2 74 40 8b 0d b2 2d 78
0x0000000073dd9d85:   00 48 89 74 24 30 ff 15 5f 96 5a 00 48 89 43 08
0x0000000073dd9d95:   48 8b b0 40 01 00 00 8b 16 3b 56 04 75 08 48 8b
0x0000000073dd9da5:   ce e8 c5 53 19 00 48 63 0e 8d 41 01 89 06 48 8b 


Register to memory mapping:

RAX=0x0000000000000000 is an unknown value
RBX=0x000000e30135d290 is an unknown value
RCX=0x0000000000000034 is an unknown value
RDX={method} {0x000002de3a7a2568} 'numInstances' '()I' in 'weka/core/Instances'
RSP=0x000000e30135d230 is an unknown value
RBP=0x0000000000000182 is an unknown value
RSI=0x000000e30135d328 is an unknown value
RDI={method} {0x000002de3a7a2568} 'numInstances' '()I' in 'weka/core/Instances'
R8 =0x0000000000000004 is an unknown value
R9 =0x0000000000000000 is an unknown value
R10={method} {0x000002de3a7a2568} 'numInstances' '()I' in 'weka/core/Instances'
R11=0x000000e37ca0a148 is pointing into the stack for thread: 0x000002de37f42000
R12=0x00000000743c4990 is an unknown value
R13=0x000002de37f42000 is a thread
R14={method} {0x000002de3a7a2568} 'numInstances' '()I' in 'weka/core/Instances'
R15={method} {0x000002de3a7a2568} 'numInstances' '()I' in 'weka/core/Instances'


Stack: [0x000000e301170000,0x000000e301360000],  sp=0x000000e30135d230,  free space=1972k
Native frames: (J=compiled Java code, j=interpreted, Vv=VM code, C=native code)
V  [jvm.dll+0x39d95]
V  [jvm.dll+0x27a416]
V  [jvm.dll+0x215f42]
V  [jvm.dll+0x336ab2]
V  [jvm.dll+0x2162d3]
V  [jvm.dll+0x14a0b8]
V  [jvm.dll+0x14dd98]
C  [_javabridge.cp37-win_amd64.pyd+0x2784f]
C  [_javabridge.cp37-win_amd64.pyd+0x285d9]
C  [python37.dll+0x2d7a1]
C  [python37.dll+0x2d645]
C  [python37.dll+0x4a8a5]
C  [pydevd_frame_evaluator_win32_37_64.cp37-win_amd64.pyd+0xe48d]
C  [python37.dll+0x31766]
C  [python37.dll+0x495cc]
C  [python37.dll+0x49fe2]
C  [pydevd_frame_evaluator_win32_37_64.cp37-win_amd64.pyd+0xe48d]
C  [python37.dll+0x3130d]
C  [python37.dll+0x4f8d7]
C  [python37.dll+0x3522a]
C  [python37.dll+0x47ebc]
C  [python37.dll+0x49b61]
C  [pydevd_frame_evaluator_win32_37_64.cp37-win_amd64.pyd+0xe48d]
C  [python37.dll+0x3130d]
C  [python37.dll+0x5142c]
C  [python37.dll+0x51375]
C  [python37.dll+0x512d0]
C  [python37.dll+0x3a1de]
C  [python37.dll+0x489d1]
C  [python37.dll+0x49517]
C  [python37.dll+0x49bdf]
C  [pydevd_frame_evaluator_win32_37_64.cp37-win_amd64.pyd+0xe48d]
C  [python37.dll+0x31766]
C  [python37.dll+0x495cc]
C  [python37.dll+0x4a72a]
C  [pydevd_frame_evaluator_win32_37_64.cp37-win_amd64.pyd+0xe48d]
C  [python37.dll+0x494b3]
C  [python37.dll+0x49b33]
C  [pydevd_frame_evaluator_win32_37_64.cp37-win_amd64.pyd+0xe48d]
C  [python37.dll+0x494b3]
C  [python37.dll+0x49b33]
C  [pydevd_frame_evaluator_win32_37_64.cp37-win_amd64.pyd+0xce12]
C  [python37.dll+0x494b3]
C  [python37.dll+0x49b33]
C  [pydevd_frame_evaluator_win32_37_64.cp37-win_amd64.pyd+0xce12]
C  [python37.dll+0x3130d]
C  [python37.dll+0x3039a]
C  [python37.dll+0x2d6ac]
C  [python37.dll+0x4a8a5]
C  [pydevd_frame_evaluator_win32_37_64.cp37-win_amd64.pyd+0xce12]
C  [python37.dll+0x3130d]
C  [python37.dll+0x511c8]
C  [python37.dll+0x51135]
C  [python37.dll+0x14df1]
C  [python37.dll+0x1080e6]
C  [python37.dll+0x1a975e]
C  [ucrtbase.dll+0x21542]
C  [KERNEL32.DLL+0x16fd4]
C  [ntdll.dll+0x4cec1]


---------------  P R O C E S S  ---------------

VM state:not at safepoint (normal execution)

VM Mutex/Monitor currently owned by a thread: None

heap address: 0x0000000580000000, size: 9216 MB, Compressed Oops mode: Zero based, Oop shift amount: 3
Narrow klass base: 0x0000000000000000, Narrow klass shift: 3
Compressed class space size: 1073741824 Address: 0x00000007c0000000

Heap:
 PSYoungGen      total 1441792K, used 925558K [0x0000000700000000, 0x0000000767480000, 0x00000007c0000000)
  eden space 1358336K, 61% used [0x0000000700000000,0x0000000733665100,0x0000000752e80000)
  from space 83456K, 99% used [0x0000000752e80000,0x0000000757ff8a90,0x0000000758000000)
  to   space 100352K, 0% used [0x0000000761280000,0x0000000761280000,0x0000000767480000)
 ParOldGen       total 594944K, used 377378K [0x0000000580000000, 0x00000005a4500000, 0x0000000700000000)
  object space 594944K, 63% used [0x0000000580000000,0x0000000597088a98,0x00000005a4500000)
 Metaspace       used 29138K, capacity 29678K, committed 29872K, reserved 1075200K
  class space    used 3499K, capacity 3650K, committed 3760K, reserved 1048576K

Card table byte_map: [0x000002de206d0000,0x000002de218e0000] byte_map_base: 0x000002de1dad0000

Marking Bits: (ParMarkBitMap*) 0x00000000745c6d90
 Begin Bits: [0x000002de224e0000, 0x000002de2b4e0000)
 End Bits:   [0x000002de2b4e0000, 0x000002de344e0000)

Polling page: 0x000002de111e0000

CodeCache: size=245760Kb used=6985Kb max_used=6998Kb free=238774Kb
 bounds [0x000002de11310000, 0x000002de11a20000, 0x000002de20310000]
 total_blobs=2158 nmethods=1656 adapters=414
 compilation: enabled

Compilation events (10 events):
Event: 69.990 Thread 0x000002de37e91800 nmethod 1954 0x000002de117160d0 code [0x000002de11716200, 0x000002de11716278]
Event: 69.992 Thread 0x000002de37e95800 1955       4       java.io.StreamTokenizer::read (38 bytes)
Event: 69.996 Thread 0x000002de37e98800 nmethod 1953 0x000002de11850fd0 code [0x000002de11851500, 0x000002de11854160]
Event: 69.996 Thread 0x000002de37e98800 1952   !   2       java.io.BufferedReader::read (104 bytes)
Event: 69.996 Thread 0x000002de37e95800 nmethod 1955 0x000002de11508410 code [0x000002de11508560, 0x000002de11508a88]
Event: 69.997 Thread 0x000002de37e98800 nmethod 1952 0x000002de1179c5d0 code [0x000002de1179c760, 0x000002de1179cca0]
Event: 69.997 Thread 0x000002de37e8f800 1956       4       java.io.StreamTokenizer::nextToken (1268 bytes)
Event: 70.003 Thread 0x000002de37e98800 1957   !   3       weka.core.converters.ArffLoader$ArffReader::getInstanceWeight (105 bytes)
Event: 70.004 Thread 0x000002de37e98800 nmethod 1957 0x000002de1186f610 code [0x000002de1186f820, 0x000002de1186fe00]
Event: 70.095 Thread 0x000002de37e8f800 nmethod 1956 0x000002de117d7b50 code [0x000002de117d7f80, 0x000002de117da858]

GC Heap History (10 events):
Event: 47.120 GC heap before
{Heap before GC invocations=29 (full 3):
 PSYoungGen      total 1355264K, used 1306128K [0x0000000700000000, 0x0000000758a00000, 0x00000007c0000000)
  eden space 1305600K, 100% used [0x0000000700000000,0x000000074fb00000,0x000000074fb00000)
  from space 49664K, 1% used [0x000000074fb00000,0x000000074fb84010,0x0000000752b80000)
  to   space 47104K, 0% used [0x0000000755c00000,0x0000000755c00000,0x0000000758a00000)
 ParOldGen       total 366080K, used 266054K [0x0000000580000000, 0x0000000596580000, 0x0000000700000000)
  object space 366080K, 72% used [0x0000000580000000,0x00000005903d1868,0x0000000596580000)
 Metaspace       used 29137K, capacity 29678K, committed 29872K, reserved 1075200K
  class space    used 3499K, capacity 3650K, committed 3760K, reserved 1048576K
Event: 47.123 GC heap after
Heap after GC invocations=29 (full 3):
 PSYoungGen      total 1388544K, used 437K [0x0000000700000000, 0x0000000758000000, 0x00000007c0000000)
  eden space 1351680K, 0% used [0x0000000700000000,0x0000000700000000,0x0000000752800000)
  from space 36864K, 1% used [0x0000000755c00000,0x0000000755c6d510,0x0000000758000000)
  to   space 45056K, 0% used [0x0000000752800000,0x0000000752800000,0x0000000755400000)
 ParOldGen       total 366080K, used 266054K [0x0000000580000000, 0x0000000596580000, 0x0000000700000000)
  object space 366080K, 72% used [0x0000000580000000,0x00000005903d1868,0x0000000596580000)
 Metaspace       used 29137K, capacity 29678K, committed 29872K, reserved 1075200K
  class space    used 3499K, capacity 3650K, committed 3760K, reserved 1048576K
}
Event: 60.496 GC heap before
{Heap before GC invocations=30 (full 3):
 PSYoungGen      total 1388544K, used 1352117K [0x0000000700000000, 0x0000000758000000, 0x00000007c0000000)
  eden space 1351680K, 100% used [0x0000000700000000,0x0000000752800000,0x0000000752800000)
  from space 36864K, 1% used [0x0000000755c00000,0x0000000755c6d510,0x0000000758000000)
  to   space 45056K, 0% used [0x0000000752800000,0x0000000752800000,0x0000000755400000)
 ParOldGen       total 366080K, used 266054K [0x0000000580000000, 0x0000000596580000, 0x0000000700000000)
  object space 366080K, 72% used [0x0000000580000000,0x00000005903d1868,0x0000000596580000)
 Metaspace       used 29137K, capacity 29678K, committed 29872K, reserved 1075200K
  class space    used 3499K, capacity 3650K, committed 3760K, reserved 1048576K
Event: 60.510 GC heap after
Heap after GC invocations=30 (full 3):
 PSYoungGen      total 1396736K, used 27182K [0x0000000700000000, 0x000000075af00000, 0x00000007c0000000)
  eden space 1351680K, 0% used [0x0000000700000000,0x0000000700000000,0x0000000752800000)
  from space 45056K, 60% used [0x0000000752800000,0x000000075428b8d8,0x0000000755400000)
  to   space 48128K, 0% used [0x0000000758000000,0x0000000758000000,0x000000075af00000)
 ParOldGen       total 366080K, used 266054K [0x0000000580000000, 0x0000000596580000, 0x0000000700000000)
  object space 366080K, 72% used [0x0000000580000000,0x00000005903d1868,0x0000000596580000)
 Metaspace       used 29137K, capacity 29678K, committed 29872K, reserved 1075200K
  class space    used 3499K, capacity 3650K, committed 3760K, reserved 1048576K
}
Event: 63.992 GC heap before
{Heap before GC invocations=31 (full 3):
 PSYoungGen      total 1396736K, used 1378862K [0x0000000700000000, 0x000000075af00000, 0x00000007c0000000)
  eden space 1351680K, 100% used [0x0000000700000000,0x0000000752800000,0x0000000752800000)
  from space 45056K, 60% used [0x0000000752800000,0x000000075428b8d8,0x0000000755400000)
  to   space 48128K, 0% used [0x0000000758000000,0x0000000758000000,0x000000075af00000)
 ParOldGen       total 366080K, used 266054K [0x0000000580000000, 0x0000000596580000, 0x0000000700000000)
  object space 366080K, 72% used [0x0000000580000000,0x00000005903d1868,0x0000000596580000)
 Metaspace       used 29137K, capacity 29678K, committed 29872K, reserved 1075200K
  class space    used 3499K, capacity 3650K, committed 3760K, reserved 1048576K
Event: 64.041 GC heap after
Heap after GC invocations=31 (full 3):
 PSYoungGen      total 1406464K, used 48100K [0x0000000700000000, 0x0000000762600000, 0x00000007c0000000)
  eden space 1358336K, 0% used [0x0000000700000000,0x0000000700000000,0x0000000752e80000)
  from space 48128K, 99% used [0x0000000758000000,0x000000075aef91e8,0x000000075af00000)
  to   space 83456K, 0% used [0x0000000752e80000,0x0000000752e80000,0x0000000758000000)
 ParOldGen       total 366080K, used 333192K [0x0000000580000000, 0x0000000596580000, 0x0000000700000000)
  object space 366080K, 91% used [0x0000000580000000,0x0000000594562078,0x0000000596580000)
 Metaspace       used 29137K, capacity 29678K, committed 29872K, reserved 1075200K
  class space    used 3499K, capacity 3650K, committed 3760K, reserved 1048576K
}
Event: 64.041 GC heap before
{Heap before GC invocations=32 (full 4):
 PSYoungGen      total 1406464K, used 48100K [0x0000000700000000, 0x0000000762600000, 0x00000007c0000000)
  eden space 1358336K, 0% used [0x0000000700000000,0x0000000700000000,0x0000000752e80000)
  from space 48128K, 99% used [0x0000000758000000,0x000000075aef91e8,0x000000075af00000)
  to   space 83456K, 0% used [0x0000000752e80000,0x0000000752e80000,0x0000000758000000)
 ParOldGen       total 366080K, used 333192K [0x0000000580000000, 0x0000000596580000, 0x0000000700000000)
  object space 366080K, 91% used [0x0000000580000000,0x0000000594562078,0x0000000596580000)
 Metaspace       used 29137K, capacity 29678K, committed 29872K, reserved 1075200K
  class space    used 3499K, capacity 3650K, committed 3760K, reserved 1048576K
Event: 64.215 GC heap after
Heap after GC invocations=32 (full 4):
 PSYoungGen      total 1406464K, used 6095K [0x0000000700000000, 0x0000000762600000, 0x00000007c0000000)
  eden space 1358336K, 0% used [0x0000000700000000,0x0000000700000000,0x0000000752e80000)
  from space 48128K, 12% used [0x0000000758000000,0x00000007585f3dc0,0x000000075af00000)
  to   space 83456K, 0% used [0x0000000752e80000,0x0000000752e80000,0x0000000758000000)
 ParOldGen       total 594944K, used 365909K [0x0000000580000000, 0x00000005a4500000, 0x0000000700000000)
  object space 594944K, 61% used [0x0000000580000000,0x0000000596555668,0x00000005a4500000)
 Metaspace       used 29137K, capacity 29678K, committed 29872K, reserved 1075200K
  class space    used 3499K, capacity 3650K, committed 3760K, reserved 1048576K
}
Event: 67.450 GC heap before
{Heap before GC invocations=33 (full 4):
 PSYoungGen      total 1406464K, used 1364431K [0x0000000700000000, 0x0000000762600000, 0x00000007c0000000)
  eden space 1358336K, 100% used [0x0000000700000000,0x0000000752e80000,0x0000000752e80000)
  from space 48128K, 12% used [0x0000000758000000,0x00000007585f3dc0,0x000000075af00000)
  to   space 83456K, 0% used [0x0000000752e80000,0x0000000752e80000,0x0000000758000000)
 ParOldGen       total 594944K, used 365909K [0x0000000580000000, 0x00000005a4500000, 0x0000000700000000)
  object space 594944K, 61% used [0x0000000580000000,0x0000000596555668,0x00000005a4500000)
 Metaspace       used 29137K, capacity 29678K, committed 29872K, reserved 1075200K
  class space    used 3499K, capacity 3650K, committed 3760K, reserved 1048576K
Event: 67.489 GC heap after
Heap after GC invocations=33 (full 4):
 PSYoungGen      total 1441792K, used 83426K [0x0000000700000000, 0x0000000767480000, 0x00000007c0000000)
  eden space 1358336K, 0% used [0x0000000700000000,0x0000000700000000,0x0000000752e80000)
  from space 83456K, 99% used [0x0000000752e80000,0x0000000757ff8a90,0x0000000758000000)
  to   space 100352K, 0% used [0x0000000761280000,0x0000000761280000,0x0000000767480000)
 ParOldGen       total 594944K, used 377378K [0x0000000580000000, 0x00000005a4500000, 0x0000000700000000)
  object space 594944K, 63% used [0x0000000580000000,0x0000000597088a98,0x00000005a4500000)
 Metaspace       used 29137K, capacity 29678K, committed 29872K, reserved 1075200K
  class space    used 3499K, capacity 3650K, committed 3760K, reserved 1048576K
}

Deoptimization events (10 events):
Event: 22.487 Thread 0x000002de37f42000 Uncommon trap: reason=unstable_if action=reinterpret pc=0x000002de117ad644 method=sun.misc.FloatingDecimal$BinaryToASCIIBuffer.roundup()V @ 22
Event: 49.098 Thread 0x000002de37f42000 Uncommon trap: reason=unstable_if action=reinterpret pc=0x000002de119d4868 method=java.io.BufferedWriter.flushBuffer()V @ 15
Event: 69.156 Thread 0x000002de37f42000 Uncommon trap: reason=unstable_if action=reinterpret pc=0x000002de115ff860 method=java.io.StreamTokenizer.nextToken()I @ 490
Event: 69.157 Thread 0x000002de37f42000 Uncommon trap: reason=unstable_if action=reinterpret pc=0x000002de11891100 method=java.io.BufferedReader.read()I @ 34
Event: 69.157 Thread 0x000002de37f42000 Uncommon trap: reason=unstable_if action=reinterpret pc=0x000002de116b0a44 method=weka.core.converters.ArffLoader$ArffReader.getInstanceWeight()D @ 21
Event: 69.157 Thread 0x000002de37f42000 Uncommon trap: reason=unstable_if action=reinterpret pc=0x000002de11895230 method=java.io.BufferedReader.read()I @ 34
Event: 69.423 Thread 0x000002de37f42000 Uncommon trap: reason=bimorphic action=maybe_recompile pc=0x000002de11797818 method=weka.core.Capabilities.doNotCheckCapabilities()Z @ 24
Event: 69.425 Thread 0x000002de37f42000 Uncommon trap: reason=unstable_if action=reinterpret pc=0x000002de1198b570 method=java.text.DecimalFormat.format(DLjava/lang/StringBuffer;Ljava/text/Format$FieldDelegate;)Ljava/lang/StringBuffer; @ 65
Event: 69.425 Thread 0x000002de37f42000 Uncommon trap: reason=unstable_if action=reinterpret pc=0x000002de119adf78 method=java.text.DecimalFormat.subformat(Ljava/lang/StringBuffer;Ljava/text/Format$FieldDelegate;ZZIIII)Ljava/lang/StringBuffer; @ 70
Event: 69.425 Thread 0x000002de37f42000 Uncommon trap: reason=unstable_if action=reinterpret pc=0x000002de1168bc94 method=java.text.DecimalFormat.append(Ljava/lang/StringBuffer;Ljava/lang/String;Ljava/text/Format$FieldDelegate;[Ljava/text/FieldPosition;Ljava/text/Format$Field;)V @ 10

Classes redefined (0 events):
No events

Internal exceptions (10 events):
Event: 7.143 Thread 0x000002de37f42000 Exception <a 'java/lang/ClassCastException': weka.core.converters.DatabaseLoader cannot be cast to weka.core.converters.FileSourcedConverter> (0x00000007012a9ec8) thrown at [C:\re\workspace\8-2-build-windows-amd64-cygwin\jdk8u231\13620\hotspot\src\share\v
Event: 7.144 Thread 0x000002de37f42000 Exception <a 'java/lang/ClassCastException': weka.core.converters.TextDirectoryLoader cannot be cast to weka.core.converters.FileSourcedConverter> (0x00000007012b2988) thrown at [C:\re\workspace\8-2-build-windows-amd64-cygwin\jdk8u231\13620\hotspot\src\sh
Event: 7.146 Thread 0x000002de37f42000 Exception <a 'java/lang/ClassCastException': weka.core.converters.DatabaseLoader cannot be cast to weka.core.converters.FileSourcedConverter> (0x00000007012c93b8) thrown at [C:\re\workspace\8-2-build-windows-amd64-cygwin\jdk8u231\13620\hotspot\src\share\v
Event: 7.146 Thread 0x000002de37f42000 Exception <a 'java/lang/ClassCastException': weka.core.converters.TextDirectoryLoader cannot be cast to weka.core.converters.FileSourcedConverter> (0x00000007012d76a0) thrown at [C:\re\workspace\8-2-build-windows-amd64-cygwin\jdk8u231\13620\hotspot\src\sh
Event: 7.148 Thread 0x000002de37f42000 Exception <a 'java/lang/ClassCastException': weka.core.converters.DatabaseSaver cannot be cast to weka.core.converters.FileSourcedConverter> (0x00000007012eb830) thrown at [C:\re\workspace\8-2-build-windows-amd64-cygwin\jdk8u231\13620\hotspot\src\share\vm
Event: 7.155 Thread 0x000002de37f42000 Exception <a 'java/lang/ClassCastException': weka.core.converters.DatabaseLoader cannot be cast to weka.core.converters.FileSourcedConverter> (0x0000000701330690) thrown at [C:\re\workspace\8-2-build-windows-amd64-cygwin\jdk8u231\13620\hotspot\src\share\v
Event: 7.155 Thread 0x000002de37f42000 Exception <a 'java/lang/ClassCastException': weka.core.converters.TextDirectoryLoader cannot be cast to weka.core.converters.FileSourcedConverter> (0x0000000701339150) thrown at [C:\re\workspace\8-2-build-windows-amd64-cygwin\jdk8u231\13620\hotspot\src\sh
Event: 7.157 Thread 0x000002de37f42000 Exception <a 'java/lang/ClassCastException': weka.core.converters.DatabaseLoader cannot be cast to weka.core.converters.FileSourcedConverter> (0x000000070134fbc0) thrown at [C:\re\workspace\8-2-build-windows-amd64-cygwin\jdk8u231\13620\hotspot\src\share\v
Event: 7.157 Thread 0x000002de37f42000 Exception <a 'java/lang/ClassCastException': weka.core.converters.TextDirectoryLoader cannot be cast to weka.core.converters.FileSourcedConverter> (0x000000070135dea8) thrown at [C:\re\workspace\8-2-build-windows-amd64-cygwin\jdk8u231\13620\hotspot\src\sh
Event: 7.161 Thread 0x000002de37f42000 Exception <a 'java/lang/ClassCastException': weka.core.converters.DatabaseSaver cannot be cast to weka.core.converters.FileSourcedConverter> (0x0000000701372038) thrown at [C:\re\workspace\8-2-build-windows-amd64-cygwin\jdk8u231\13620\hotspot\src\share\vm

Events (10 events):
Event: 69.467 Thread 0x000002de37e98800 flushing nmethod 0x000002de118654d0
Event: 69.467 Thread 0x000002de37e98800 flushing nmethod 0x000002de11869010
Event: 69.470 Thread 0x000002de37e98800 flushing nmethod 0x000002de1186f610
Event: 69.470 Thread 0x000002de37e98800 flushing nmethod 0x000002de1186fe90
Event: 69.470 Thread 0x000002de37e98800 flushing nmethod 0x000002de11870910
Event: 69.470 Thread 0x000002de37e98800 flushing nmethod 0x000002de11870c50
Event: 69.470 Thread 0x000002de37e98800 flushing nmethod 0x000002de11873850
Event: 69.470 Thread 0x000002de37e98800 flushing nmethod 0x000002de1187c750
Event: 69.471 Thread 0x000002de37e98800 flushing nmethod 0x000002de1187d5d0
Event: 69.471 Thread 0x000002de37e98800 flushing nmethod 0x000002de1188c710


Dynamic libraries:
0x00007ff6b63a0000 - 0x00007ff6b63bb000 	C:\Users\Hernan\AppData\Local\Programs\Python\Python37\python.exe
0x00007ffd6e6f0000 - 0x00007ffd6e8e4000 	C:\WINDOWS\SYSTEM32\ntdll.dll
0x00007ffd6e5f0000 - 0x00007ffd6e6ad000 	C:\WINDOWS\System32\KERNEL32.DLL
0x00007ffd6c490000 - 0x00007ffd6c757000 	C:\WINDOWS\System32\KERNELBASE.dll
0x00007ffd6c050000 - 0x00007ffd6c150000 	C:\WINDOWS\System32\ucrtbase.dll
0x00007ffd4e2b0000 - 0x00007ffd4e2c6000 	C:\Users\Hernan\AppData\Local\Programs\Python\Python37\VCRUNTIME140.dll
0x00007ffd28fc0000 - 0x00007ffd29380000 	C:\Users\Hernan\AppData\Local\Programs\Python\Python37\python37.dll
0x00007ffd6d3b0000 - 0x00007ffd6d405000 	C:\WINDOWS\System32\SHLWAPI.dll
0x00007ffd6e0f0000 - 0x00007ffd6e18e000 	C:\WINDOWS\System32\msvcrt.dll
0x00007ffd6ddf0000 - 0x00007ffd6de5b000 	C:\WINDOWS\System32\WS2_32.dll
0x00007ffd61b50000 - 0x00007ffd61b5a000 	C:\WINDOWS\SYSTEM32\VERSION.dll
0x00007ffd6d280000 - 0x00007ffd6d3a3000 	C:\WINDOWS\System32\RPCRT4.dll
0x00007ffd6de60000 - 0x00007ffd6df0a000 	C:\WINDOWS\System32\ADVAPI32.dll
0x00007ffd6df10000 - 0x00007ffd6dfab000 	C:\WINDOWS\System32\sechost.dll
0x00007ffd6b810000 - 0x00007ffd6b828000 	C:\WINDOWS\SYSTEM32\CRYPTSP.dll
0x00007ffd6af00000 - 0x00007ffd6af34000 	C:\WINDOWS\system32\rsaenh.dll
0x00007ffd6be90000 - 0x00007ffd6beb7000 	C:\WINDOWS\System32\bcrypt.dll
0x00007ffd6b830000 - 0x00007ffd6b83c000 	C:\WINDOWS\SYSTEM32\CRYPTBASE.dll
0x00007ffd6bfd0000 - 0x00007ffd6c04f000 	C:\WINDOWS\System32\bcryptPrimitives.dll
0x00007ffd629a0000 - 0x00007ffd629af000 	C:\Users\Hernan\AppData\Local\Programs\Python\Python37\python3.dll
0x00007ffd4e290000 - 0x00007ffd4e2a5000 	C:\Users\Hernan\AppData\Local\Programs\Python\Python37\DLLs\_socket.pyd
0x00007ffd59cb0000 - 0x00007ffd59cb9000 	C:\Users\Hernan\AppData\Local\Programs\Python\Python37\DLLs\select.pyd
0x00007ffd4e280000 - 0x00007ffd4e289000 	C:\Users\Hernan\AppData\Local\Programs\Python\Python37\DLLs\_queue.pyd
0x00007ffd40f90000 - 0x00007ffd40fd4000 	C:\Users\Hernan\AppData\Local\Programs\Python\Python37\DLLs\_decimal.pyd
0x00007ffd4e230000 - 0x00007ffd4e23d000 	C:\Users\Hernan\AppData\Local\Programs\Python\Python37\DLLs\_hashlib.pyd
0x00007ffd25e20000 - 0x00007ffd26162000 	C:\Users\Hernan\AppData\Local\Programs\Python\Python37\DLLs\libcrypto-1_1.dll
0x00007ffd6cea0000 - 0x00007ffd6d040000 	C:\WINDOWS\System32\USER32.dll
0x00007ffd6c460000 - 0x00007ffd6c482000 	C:\WINDOWS\System32\win32u.dll
0x00007ffd6e2c0000 - 0x00007ffd6e2ea000 	C:\WINDOWS\System32\GDI32.dll
0x00007ffd6bec0000 - 0x00007ffd6bfca000 	C:\WINDOWS\System32\gdi32full.dll
0x00007ffd6c150000 - 0x00007ffd6c1ed000 	C:\WINDOWS\System32\msvcp_win.dll
0x00007ffd6dfb0000 - 0x00007ffd6dfe0000 	C:\WINDOWS\System32\IMM32.DLL
0x00007ffd4e210000 - 0x00007ffd4e230000 	C:\Users\Hernan\AppData\Local\Programs\Python\Python37\DLLs\_ssl.pyd
0x00007ffd6c1f0000 - 0x00007ffd6c34d000 	C:\WINDOWS\System32\CRYPT32.dll
0x00007ffd28c60000 - 0x00007ffd28d0b000 	C:\Users\Hernan\AppData\Local\Programs\Python\Python37\DLLs\libssl-1_1.dll
0x00007ffd3ec80000 - 0x00007ffd3ecb2000 	C:\Users\Hernan\AppData\Local\Programs\Python\Python37\DLLs\pyexpat.pyd
0x00007ffd4b8a0000 - 0x00007ffd4b8b8000 	C:\Users\Hernan\AppData\Local\Programs\Python\Python37\DLLs\_bz2.pyd
0x00007ffd3eb50000 - 0x00007ffd3eb91000 	C:\Users\Hernan\AppData\Local\Programs\Python\Python37\DLLs\_lzma.pyd
0x00007ffd40f60000 - 0x00007ffd40f83000 	C:\Users\Hernan\AppData\Local\Programs\Python\Python37\DLLs\_ctypes.pyd
0x00007ffd6e190000 - 0x00007ffd6e2b9000 	C:\WINDOWS\System32\ole32.dll
0x00007ffd6d410000 - 0x00007ffd6d763000 	C:\WINDOWS\System32\combase.dll
0x00007ffd6d130000 - 0x00007ffd6d1fd000 	C:\WINDOWS\System32\OLEAUT32.dll
0x0000000074730000 - 0x0000000074756000 	C:\Users\Hernan\AppData\Local\Programs\Python\Python37\lib\site-packages\win32\win32api.pyd
0x00007ffd6c760000 - 0x00007ffd6ce95000 	C:\WINDOWS\System32\SHELL32.dll
0x0000000074700000 - 0x0000000074727000 	C:\Users\Hernan\AppData\Local\Programs\Python\Python37\lib\site-packages\pywin32_system32\pywintypes37.dll
0x00007ffd59900000 - 0x00007ffd5990c000 	C:\WINDOWS\SYSTEM32\secur32.dll
0x00007ffd6bd00000 - 0x00007ffd6bd31000 	C:\WINDOWS\SYSTEM32\SSPICLI.DLL
0x00000000746f0000 - 0x00000000746f9000 	C:\Users\Hernan\AppData\Local\Programs\Python\Python37\lib\site-packages\win32\_win32sysloader.pyd
0x0000000074650000 - 0x00000000746e6000 	C:\Users\Hernan\AppData\Local\Programs\Python\Python37\lib\site-packages\pywin32_system32\pythoncom37.dll
0x00007ffd6a7a0000 - 0x00007ffd6a7b3000 	C:\WINDOWS\SYSTEM32\kernel.appcore.dll
0x00007ffd66520000 - 0x00007ffd665bf000 	C:\WINDOWS\system32\uxtheme.dll
0x00007ffd5c880000 - 0x00007ffd5ca6d000 	C:\WINDOWS\SYSTEM32\urlmon.dll
0x00007ffd59320000 - 0x00007ffd595ce000 	C:\WINDOWS\SYSTEM32\iertutil.dll
0x00007ffd6e540000 - 0x00007ffd6e5ee000 	C:\WINDOWS\System32\shcore.dll
0x00007ffd44920000 - 0x00007ffd44937000 	C:\Users\Hernan\AppData\Local\Programs\Python\Python37\DLLs\_sqlite3.pyd
0x00007ffd273b0000 - 0x00007ffd274e9000 	C:\Users\Hernan\AppData\Local\Programs\Python\Python37\DLLs\sqlite3.dll
0x00007ffd44530000 - 0x00007ffd44544000 	C:\Users\Hernan\AppData\Local\Programs\Python\Python37\DLLs\_asyncio.pyd
0x00007ffd4e200000 - 0x00007ffd4e20d000 	C:\Users\Hernan\AppData\Local\Programs\Python\Python37\DLLs\_overlapped.pyd
0x00007ffd6b640000 - 0x00007ffd6b6aa000 	C:\WINDOWS\system32\mswsock.dll
0x00007ffd272a0000 - 0x00007ffd273a8000 	C:\Users\Hernan\AppData\Local\Programs\Python\Python37\DLLs\unicodedata.pyd
0x00007ffd32010000 - 0x00007ffd32081000 	C:\Program Files\JetBrains\PyCharm Community Edition 2019.1.1\plugins\python-ce\helpers\pydev\_pydevd_bundle\pydevd_cython_win32_37_64.cp37-win_amd64.pyd
0x00007ffd3ec50000 - 0x00007ffd3ec74000 	C:\Program Files\JetBrains\PyCharm Community Edition 2019.1.1\plugins\python-ce\helpers\pydev\_pydevd_frame_eval\pydevd_frame_evaluator_win32_37_64.cp37-win_amd64.pyd
0x00007ffd1eb80000 - 0x00007ffd1ef9a000 	C:\Users\Hernan\AppData\Local\Programs\Python\Python37\lib\site-packages\numpy\DLLs\libmmd.dll
0x00007ffd26870000 - 0x00007ffd26a3b000 	C:\Users\Hernan\AppData\Local\Programs\Python\Python37\lib\site-packages\numpy\DLLs\libifcoremd.dll
0x00007ffd6e3a0000 - 0x00007ffd6e3bd000 	C:\WINDOWS\System32\imagehlp.dll
0x00007ffd25c20000 - 0x00007ffd25e20000 	C:\Users\Hernan\AppData\Local\Programs\Python\Python37\lib\site-packages\numpy\DLLs\libiomp5md.dll
0x00007ffd23270000 - 0x00007ffd2353a000 	C:\Users\Hernan\AppData\Local\Programs\Python\Python37\lib\site-packages\numpy\core\_multiarray_umath.cp37-win_amd64.pyd
0x00007ffd0ffd0000 - 0x00007ffd10e53000 	C:\Users\Hernan\AppData\Local\Programs\Python\Python37\lib\site-packages\numpy\DLLs\mkl_rt.dll
0x00007ffd389d0000 - 0x00007ffd389ee000 	C:\Users\Hernan\AppData\Local\Programs\Python\Python37\lib\site-packages\numpy\core\_multiarray_tests.cp37-win_amd64.pyd
0x00007ffd4e180000 - 0x00007ffd4e189000 	C:\Users\Hernan\AppData\Local\Programs\Python\Python37\lib\site-packages\numpy\linalg\lapack_lite.cp37-win_amd64.pyd
0x00007ffd2f3a0000 - 0x00007ffd2f3ca000 	C:\Users\Hernan\AppData\Local\Programs\Python\Python37\lib\site-packages\numpy\linalg\_umath_linalg.cp37-win_amd64.pyd
0x00007ffd389b0000 - 0x00007ffd389d0000 	C:\Users\Hernan\AppData\Local\Programs\Python\Python37\lib\site-packages\numpy\fft\_pocketfft_internal.cp37-win_amd64.pyd
0x00007ffd28bc0000 - 0x00007ffd28c53000 	C:\Users\Hernan\AppData\Local\Programs\Python\Python37\lib\site-packages\numpy\random\mtrand.cp37-win_amd64.pyd
0x00007ffd2f370000 - 0x00007ffd2f39b000 	C:\Users\Hernan\AppData\Local\Programs\Python\Python37\lib\site-packages\numpy\random\_bit_generator.cp37-win_amd64.pyd
0x00007ffd2d970000 - 0x00007ffd2d99f000 	C:\Users\Hernan\AppData\Local\Programs\Python\Python37\lib\site-packages\numpy\random\_common.cp37-win_amd64.pyd
0x00007ffd29400000 - 0x00007ffd29449000 	C:\Users\Hernan\AppData\Local\Programs\Python\Python37\lib\site-packages\numpy\random\_bounded_integers.cp37-win_amd64.pyd
0x00007ffd2dae0000 - 0x00007ffd2dafd000 	C:\Users\Hernan\AppData\Local\Programs\Python\Python37\lib\site-packages\numpy\random\_mt19937.cp37-win_amd64.pyd
0x00007ffd2d950000 - 0x00007ffd2d968000 	C:\Users\Hernan\AppData\Local\Programs\Python\Python37\lib\site-packages\numpy\random\_philox.cp37-win_amd64.pyd
0x00007ffd2d930000 - 0x00007ffd2d945000 	C:\Users\Hernan\AppData\Local\Programs\Python\Python37\lib\site-packages\numpy\random\_pcg64.cp37-win_amd64.pyd
0x00007ffd2d7b0000 - 0x00007ffd2d7c2000 	C:\Users\Hernan\AppData\Local\Programs\Python\Python37\lib\site-packages\numpy\random\_sfc64.cp37-win_amd64.pyd
0x00007ffd284c0000 - 0x00007ffd28569000 	C:\Users\Hernan\AppData\Local\Programs\Python\Python37\lib\site-packages\numpy\random\_generator.cp37-win_amd64.pyd
0x00007ffd0d8a0000 - 0x00007ffd0f803000 	C:\Users\Hernan\AppData\Local\Programs\Python\Python37\lib\site-packages\numpy\DLLs\mkl_intel_thread.dll
0x00007ffd09470000 - 0x00007ffd0d89b000 	C:\Users\Hernan\AppData\Local\Programs\Python\Python37\lib\site-packages\numpy\DLLs\mkl_core.dll
0x00007ffd06d60000 - 0x00007ffd0946e000 	C:\Users\Hernan\AppData\Local\Programs\Python\Python37\lib\site-packages\numpy\DLLs\mkl_avx2.dll
0x00007ffd05c70000 - 0x00007ffd068ce000 	C:\Users\Hernan\AppData\Local\Programs\Python\Python37\lib\site-packages\numpy\DLLs\mkl_vml_avx2.dll
0x00007ffd2c310000 - 0x00007ffd2c325000 	C:\Users\Hernan\AppData\Local\Programs\Python\Python37\lib\site-packages\scipy\_lib\_ccallback_c.cp37-win_amd64.pyd
0x00007ffd4d630000 - 0x00007ffd4d63f000 	C:\Users\Hernan\AppData\Local\Programs\Python\Python37\lib\site-packages\scipy\_lib\_uarray\_uarray.cp37-win_amd64.pyd
0x00007ffd5a570000 - 0x00007ffd5a601000 	C:\WINDOWS\SYSTEM32\MSVCP140.dll
0x00007ffd5a560000 - 0x00007ffd5a56c000 	C:\WINDOWS\SYSTEM32\VCRUNTIME140_1.dll
0x00007ffd28050000 - 0x00007ffd280d7000 	C:\Users\Hernan\AppData\Local\Programs\Python\Python37\lib\site-packages\scipy\fft\_pocketfft\pypocketfft.cp37-win_amd64.pyd
0x00007ffd27f10000 - 0x00007ffd27f61000 	C:\Users\Hernan\AppData\Local\Programs\Python\Python37\lib\site-packages\javabridge-1.0.18-py3.7-win-amd64.egg\javabridge\_javabridge.cp37-win_amd64.pyd
0x0000000073da0000 - 0x0000000074646000 	C:\Program Files\Java\jdk1.8.0_231\jre\bin\server\jvm.dll
0x00007ffd6d040000 - 0x00007ffd6d048000 	C:\WINDOWS\System32\PSAPI.DLL
0x00007ffd64340000 - 0x00007ffd64349000 	C:\WINDOWS\SYSTEM32\WSOCK32.dll
0x00007ffd5a630000 - 0x00007ffd5a657000 	C:\WINDOWS\SYSTEM32\WINMM.dll
0x00000000762b0000 - 0x0000000076382000 	C:\WINDOWS\SYSTEM32\MSVCR100.dll
0x00007ffcfdeb0000 - 0x00007ffd01a2b000 	C:\Users\Hernan\AppData\Local\Programs\Python\Python37\lib\site-packages\cv2\cv2.cp37-win_amd64.pyd
0x00007ffd6d050000 - 0x00007ffd6d12a000 	C:\WINDOWS\System32\COMDLG32.dll
0x00007ffd48040000 - 0x00007ffd481fb000 	C:\WINDOWS\SYSTEM32\MFPlat.DLL
0x00007ffd59ee0000 - 0x00007ffd5a17a000 	C:\WINDOWS\WinSxS\amd64_microsoft.windows.common-controls_6595b64144ccf1df_6.0.19041.1_none_b555e41d4684ddec\COMCTL32.dll
0x00007ffd57520000 - 0x00007ffd575a4000 	C:\WINDOWS\SYSTEM32\MF.dll
0x00007ffd6be40000 - 0x00007ffd6be8d000 	C:\WINDOWS\System32\cfgmgr32.dll
0x00007ffd1fc70000 - 0x00007ffd1fd7a000 	C:\WINDOWS\SYSTEM32\MFReadWrite.dll
0x00007ffd068d0000 - 0x00007ffd06d5b000 	C:\WINDOWS\SYSTEM32\MFCORE.DLL
0x00007ffd6b450000 - 0x00007ffd6b49b000 	C:\WINDOWS\SYSTEM32\powrprof.dll
0x00007ffd63b10000 - 0x00007ffd63b19000 	C:\WINDOWS\SYSTEM32\ksuser.dll
0x00007ffd63dd0000 - 0x00007ffd63e00000 	C:\WINDOWS\SYSTEM32\RTWorkQ.DLL
0x00007ffd6b2c0000 - 0x00007ffd6b2d2000 	C:\WINDOWS\SYSTEM32\UMPDC.dll
0x0000000180000000 - 0x0000000180075000 	C:\Program Files\MATLAB\R2019a\bin\win64\matlabruntimeforpython3_7.pyd
0x00000000ffff0000 - 0x000000010044f000 	C:\Program Files\MATLAB\R2019a\bin\win64\libmwservices.dll
0x00000000fe7f0000 - 0x00000000fea93000 	C:\Program Files\MATLAB\R2019a\bin\win64\libmwfl.dll
0x00000000fd610000 - 0x00000000fde31000 	C:\Program Files\MATLAB\R2019a\bin\win64\mlutil.dll
0x00007ffd4d2f0000 - 0x00007ffd4d2fb000 	C:\Program Files\MATLAB\R2019a\bin\win64\mwboost_system-vc141-mt-1_65_1.dll
0x00000000ffef0000 - 0x00000000ffef9000 	C:\Program Files\MATLAB\R2019a\bin\win64\libmwresource_core.dll
0x00007ffd66af0000 - 0x00007ffd66cd4000 	C:\WINDOWS\SYSTEM32\dbghelp.dll
0x00007ffd28f90000 - 0x00007ffd28fb5000 	C:\Program Files\MATLAB\R2019a\bin\win64\mwboost_filesystem-vc141-mt-1_65_1.dll
0x00000000fe090000 - 0x00000000fe115000 	C:\Program Files\MATLAB\R2019a\bin\win64\libmwregexp.dll
0x00007ffd2bda0000 - 0x00007ffd2bdb2000 	C:\Program Files\MATLAB\R2019a\bin\win64\mwboost_date_time-vc141-mt-1_65_1.dll
0x00007ffd27610000 - 0x00007ffd276c6000 	C:\Program Files\MATLAB\R2019a\bin\win64\mwboost_log-vc141-mt-1_65_1.dll
0x00007ffd28ec0000 - 0x00007ffd28f00000 	C:\Program Files\MATLAB\R2019a\bin\win64\mwboost_serialization-vc141-mt-1_65_1.dll
0x00007ffd28290000 - 0x00007ffd282b1000 	C:\Program Files\MATLAB\R2019a\bin\win64\mwboost_thread-vc141-mt-1_65_1.dll
0x00000000fa830000 - 0x00000000fac99000 	C:\Program Files\MATLAB\R2019a\bin\win64\mvm.dll
0x00000000fd2c0000 - 0x00000000fd346000 	C:\Program Files\MATLAB\R2019a\bin\win64\opccore.dll
0x00000000fd1b0000 - 0x00000000fd1e7000 	C:\Program Files\MATLAB\R2019a\bin\win64\opczippackage.dll
0x00007ffd4d260000 - 0x00007ffd4d26c000 	C:\Program Files\MATLAB\R2019a\bin\win64\mwboost_chrono-vc141-mt-1_65_1.dll
0x00007ffd28270000 - 0x00007ffd28288000 	C:\Program Files\MATLAB\R2019a\bin\win64\mwboost_iostreams-vc141-mt-1_65_1.dll
0x0000000073c20000 - 0x0000000073da0000 	C:\Program Files\MATLAB\R2019a\bin\win64\icuuc61.dll
0x00007ffd27ec0000 - 0x00007ffd27f04000 	C:\Program Files\MATLAB\R2019a\bin\win64\tbb.dll

VM Arguments:
jvm_args: -Xmx9G -Djava.awt.headless=true 
java_command: <unknown>
java_class_path (initial): C:\Users\Hernan\AppData\Local\Programs\Python\Python37\lib\site-packages\javabridge-1.0.18-py3.7-win-amd64.egg\javabridge\jars\rhino-1.7R4.jar;C:\Users\Hernan\AppData\Local\Programs\Python\Python37\lib\site-packages\javabridge-1.0.18-py3.7-win-amd64.egg\javabridge\jars\runnablequeue.jar;C:\Users\Hernan\AppData\Local\Programs\Python\Python37\lib\site-packages\javabridge-1.0.18-py3.7-win-amd64.egg\javabridge\jars\cpython.jar;C:\Users\Hernan\AppData\Local\Programs\Python\Python37\lib\site-packages\weka\lib\python-weka-wrapper.jar;C:\Users\Hernan\AppData\Local\Programs\Python\Python37\lib\site-packages\weka\lib\weka.jar
Launcher Type: generic

Environment Variables:
JAVA_HOME=C:\Program Files\Java\jdk1.8.0_231
JRE_HOME=C:\Program Files\Java\jre1.8.0_241
USERNAME=Hernan
OS=Windows_NT
PROCESSOR_IDENTIFIER=Intel64 Family 6 Model 142 Stepping 10, GenuineIntel



---------------  S Y S T E M  ---------------

OS: Windows 10.0 , 64 bit Build 19041 (10.0.19041.292)

CPU:total 8 (initial active 8) (4 cores per cpu, 2 threads per core) family 6 model 142 stepping 10, cmov, cx8, fxsr, mmx, sse, sse2, sse3, ssse3, sse4.1, sse4.2, popcnt, avx, avx2, aes, clmul, erms, 3dnowpref, lzcnt, ht, tsc, tscinvbit, bmi1, bmi2, adx

Memory: 4k page, physical 12464612k(4486448k free), swap 16917028k(5219792k free)

vm_info: Java HotSpot(TM) 64-Bit Server VM (25.231-b11) for windows-amd64 JRE (1.8.0_231-b11), built on Oct  5 2019 03:11:30 by "java_re" with MS VC++ 10.0 (VS2010)

time: Tue Jul 21 19:58:32 2020
timezone: Hora estándar de Argentina
elapsed time: 70 seconds (0d 0h 1m 10s)

